<?xml version="1.0" encoding="UTF-8"?>
<!-- Generated by org.testng.reporters.JUnitReportReporter -->
<testsuite hostname="DESKTOP-6ELM0OD" name="day9.NewTest02" tests="1" failures="0" timestamp="15 Jun 2020 16:19:47 GMT" time="6.488" errors="0">
  <testcase name="launchURL" time="6.488" classname="day9.NewTest02"/>
</testsuite> <!-- day9.NewTest02 -->
