<?xml version="1.0" encoding="UTF-8"?>
<!-- Generated by org.testng.reporters.JUnitReportReporter -->
<testsuite skipped="0" hostname="DESKTOP-6ELM0OD" name="day9.WriteExcel" tests="1" failures="0" timestamp="02 Jul 2020 09:28:43 GMT" time="1.371" errors="0">
  <testcase name="writeDataFromExcel" time="1.371" classname="day9.WriteExcel"/>
</testsuite> <!-- day9.WriteExcel -->
