<?xml version="1.0" encoding="UTF-8"?>
<!-- Generated by org.testng.reporters.JUnitReportReporter -->
<testsuite skipped="0" hostname="DESKTOP-6ELM0OD" name="day9.NewTest" tests="1" failures="0" timestamp="18 Jun 2020 17:08:52 GMT" time="0.027" errors="0">
  <testcase name="f" time="0.027" classname="day9.NewTest"/>
</testsuite> <!-- day9.NewTest -->
