<?xml version="1.0" encoding="UTF-8"?>
<!-- Generated by org.testng.reporters.JUnitReportReporter -->
<testsuite skipped="0" hostname="DESKTOP-6ELM0OD" name="nscdemo.TCS" tests="1" failures="0" timestamp="27 May 2020 08:28:59 GMT" time="13.150" errors="0">
  <testcase name="LaunchBrowser" time="13.150" classname="nscdemo.TCS"/>
</testsuite> <!-- nscdemo.TCS -->
