<?xml version="1.0" encoding="UTF-8"?>
<!-- Generated by org.testng.reporters.JUnitReportReporter -->
<testsuite hostname="DESKTOP-6ELM0OD" name="day9.test1" tests="1" failures="0" timestamp="15 Jun 2020 16:19:47 GMT" time="0.033" errors="0">
  <testcase name="test1" time="0.033" classname="day9.test1"/>
</testsuite> <!-- day9.test1 -->
