<?xml version="1.0" encoding="UTF-8"?>
<!-- Generated by org.testng.reporters.JUnitReportReporter -->
<testsuite skipped="0" hostname="DESKTOP-6ELM0OD" name="Assign5.ConvertExcelData" tests="1" failures="0" timestamp="02 Jul 2020 10:02:13 GMT" time="1.230" errors="0">
  <testcase name="convertexcel" time="1.230" classname="Assign5.ConvertExcelData"/>
</testsuite> <!-- Assign5.ConvertExcelData -->
