<?xml version="1.0" encoding="UTF-8"?>
<!-- Generated by org.testng.reporters.JUnitReportReporter -->
<testsuite skipped="0" hostname="DESKTOP-6ELM0OD" name="day9.ExcelData" tests="1" failures="0" timestamp="24 Jun 2020 14:45:46 GMT" time="1.182" errors="0">
  <testcase name="readData" time="1.182" classname="day9.ExcelData"/>
</testsuite> <!-- day9.ExcelData -->
