<?xml version="1.0" encoding="UTF-8"?>
<!-- Generated by org.testng.reporters.JUnitReportReporter -->
<testsuite skipped="0" hostname="DESKTOP-6ELM0OD" name="day9.ExtentReportDemo" tests="1" failures="0" timestamp="01 Jul 2020 16:09:30 GMT" time="1.237" errors="0">
  <testcase name="crm" time="1.237" classname="day9.ExtentReportDemo"/>
</testsuite> <!-- day9.ExtentReportDemo -->
