<?xml version="1.0" encoding="UTF-8"?>
<!-- Generated by org.testng.reporters.JUnitReportReporter -->
<testsuite skipped="0" hostname="DESKTOP-6ELM0OD" name="TestSureShot.MoneyControlProject2" tests="2" failures="0" timestamp="12 Jul 2020 14:12:36 GMT" time="71.018" errors="0">
  <testcase name="LaunchBrouser" time="45.745" classname="TestSureShot.MoneyControlProject2"/>
  <testcase name="atest" time="25.273" classname="TestSureShot.MoneyControlProject2"/>
</testsuite> <!-- TestSureShot.MoneyControlProject2 -->
