<?xml version="1.0" encoding="UTF-8"?>
<!-- Generated by org.testng.reporters.JUnitReportReporter -->
<testsuite skipped="0" hostname="DESKTOP-6ELM0OD" name="TestSureShot.MoneyControlProject" tests="2" failures="0" timestamp="03 Jul 2020 14:12:13 GMT" time="852.100" errors="0">
  <testcase name="LaunchBrouser" time="18.351" classname="TestSureShot.MoneyControlProject"/>
  <testcase name="atest" time="833.749" classname="TestSureShot.MoneyControlProject"/>
</testsuite> <!-- TestSureShot.MoneyControlProject -->
