<?xml version="1.0" encoding="UTF-8"?>
<!-- Generated by org.testng.reporters.JUnitReportReporter -->
<testsuite skipped="0" hostname="DESKTOP-6ELM0OD" name="TestSureShot.MoneyControlProject2" tests="2" failures="0" timestamp="03 Jul 2020 14:12:13 GMT" time="48.742" errors="0">
  <testcase name="LaunchBrouser" time="26.071" classname="TestSureShot.MoneyControlProject2"/>
  <testcase name="atest" time="22.671" classname="TestSureShot.MoneyControlProject2"/>
</testsuite> <!-- TestSureShot.MoneyControlProject2 -->
